\BOOKMARK [0][-]{label:frontpage.0}{Front page}{}% 1
\BOOKMARK [0][-]{label:titlepage_en.0}{English title page}{}% 2
\BOOKMARK [0][-]{label:contents.0}{Contents}{}% 3
\BOOKMARK [0][-]{chapter*.3}{Preface}{}% 4
\BOOKMARK [0][-]{chapter.1}{1 Introduction}{}% 5
\BOOKMARK [1][-]{section.1.1}{1.1 Examples}{chapter.1}% 6
\BOOKMARK [1][-]{section.1.2}{1.2 How Does Sections, Subsections, and Subsections Look?}{chapter.1}% 7
\BOOKMARK [2][-]{subsection.1.2.1}{1.2.1 This is a Subsection}{section.1.2}% 8
\BOOKMARK [0][-]{chapter.2}{2 Chapter 2 name}{}% 9
\BOOKMARK [0][-]{chapter.3}{3 Modeling}{}% 10
\BOOKMARK [1][-]{section.3.1}{3.1 DC motors dynamics model}{chapter.3}% 11
\BOOKMARK [2][-]{subsection.3.1.1}{3.1.1 Simulink Model}{section.3.1}% 12
\BOOKMARK [1][-]{section.3.2}{3.2 Kinematics Model of Differential Drive}{chapter.3}% 13
\BOOKMARK [2][-]{subsection.3.2.1}{3.2.1 Kinematics in simulink}{section.3.2}% 14
\BOOKMARK [1][-]{section.3.3}{3.3 Complete model}{chapter.3}% 15
\BOOKMARK [2][-]{subsection.3.3.1}{3.3.1 DC motors model analysis}{section.3.3}% 16
\BOOKMARK [2][-]{subsection.3.3.2}{3.3.2 Kinematics model analysis}{section.3.3}% 17
\BOOKMARK [0][-]{chapter.4}{4 Hardware}{}% 18
\BOOKMARK [1][-]{section.4.1}{4.1 Single board computer}{chapter.4}% 19
\BOOKMARK [1][-]{section.4.2}{4.2 Distance measuring}{chapter.4}% 20
\BOOKMARK [1][-]{section.4.3}{4.3 DC motors and the chassie}{chapter.4}% 21
\BOOKMARK [1][-]{section.4.4}{4.4 Motor driver}{chapter.4}% 22
\BOOKMARK [1][-]{section.4.5}{4.5 Speed sensor}{chapter.4}% 23
\BOOKMARK [1][-]{section.4.6}{4.6 Wi-Fi dongle}{chapter.4}% 24
\BOOKMARK [1][-]{section.4.7}{4.7 Assambly}{chapter.4}% 25
\BOOKMARK [0][-]{chapter.5}{5 Development}{}% 26
\BOOKMARK [1][-]{section.5.1}{5.1 Ultrasonic sensors}{chapter.5}% 27
\BOOKMARK [1][-]{section.5.2}{5.2 DC motors}{chapter.5}% 28
\BOOKMARK [1][-]{section.5.3}{5.3 Raspberry configuration and software}{chapter.5}% 29
\BOOKMARK [2][-]{subsection.5.3.1}{5.3.1 Raspberry setup}{section.5.3}% 30
\BOOKMARK [2][-]{subsection.5.3.2}{5.3.2 Software}{section.5.3}% 31
\BOOKMARK [2][-]{subsection.5.3.3}{5.3.3 Ultrasonic sensor reading}{section.5.3}% 32
\BOOKMARK [2][-]{subsection.5.3.4}{5.3.4 Movements}{section.5.3}% 33
\BOOKMARK [2][-]{subsection.5.3.5}{5.3.5 Main loop}{section.5.3}% 34
\BOOKMARK [0][-]{chapter.6}{6 Conclusion}{}% 35
\BOOKMARK [0][-]{appendix.A}{A Appendix A name}{}% 36
